This is pdfTeX, Version 3.141592653-2.6-1.40.25 (MiKTeX 24.1) (preloaded format=pdflatex 2025.8.25)  8 OCT 2025 13:27
entering extended mode
 restricted \write18 enabled.
 %&-line parsing enabled.
**./ProblemSet5_Munson.tex
(ProblemSet5_Munson.tex
LaTeX2e <2023-11-01> patch level 1
L3 programming layer <2024-01-04>

(C:\Users\David Munson\AppData\Local\Programs\MiKTeX\tex/latex/base\article.cls
Document Class: article 2023/05/17 v1.4n Standard LaTeX document class
(C:\Users\David Munson\AppData\Local\Programs\MiKTeX\tex/latex/base\size11.clo
File: size11.clo 2023/05/17 v1.4n Standard LaTeX file (size option)
)
\c@part=\count187
\c@section=\count188
\c@subsection=\count189
\c@subsubsection=\count190
\c@paragraph=\count191
\c@subparagraph=\count192
\c@figure=\count193
\c@table=\count194
\abovecaptionskip=\skip48
\belowcaptionskip=\skip49
\bibindent=\dimen140
)
(C:\Users\David Munson\AppData\Local\Programs\MiKTeX\tex/latex/graphics\graphic
x.sty
Package: graphicx 2021/09/16 v1.2d Enhanced LaTeX Graphics (DPC,SPQR)

(C:\Users\David Munson\AppData\Local\Programs\MiKTeX\tex/latex/graphics\keyval.
sty
Package: keyval 2022/05/29 v1.15 key=value parser (DPC)
\KV@toks@=\toks17
)
(C:\Users\David Munson\AppData\Local\Programs\MiKTeX\tex/latex/graphics\graphic
s.sty
Package: graphics 2022/03/10 v1.4e Standard LaTeX Graphics (DPC,SPQR)

(C:\Users\David Munson\AppData\Local\Programs\MiKTeX\tex/latex/graphics\trig.st
y
Package: trig 2021/08/11 v1.11 sin cos tan (DPC)
)
(C:\Users\David Munson\AppData\Local\Programs\MiKTeX\tex/latex/graphics-cfg\gra
phics.cfg
File: graphics.cfg 2016/06/04 v1.11 sample graphics configuration
)
Package graphics Info: Driver file: pdftex.def on input line 107.

(C:\Users\David Munson\AppData\Local\Programs\MiKTeX\tex/latex/graphics-def\pdf
tex.def
File: pdftex.def 2022/09/22 v1.2b Graphics/color driver for pdftex
))
\Gin@req@height=\dimen141
\Gin@req@width=\dimen142
)
(C:\Users\David Munson\AppData\Local\Programs\MiKTeX\tex/latex/booktabs\booktab
s.sty
Package: booktabs 2020/01/12 v1.61803398 Publication quality tables
\heavyrulewidth=\dimen143
\lightrulewidth=\dimen144
\cmidrulewidth=\dimen145
\belowrulesep=\dimen146
\belowbottomsep=\dimen147
\aboverulesep=\dimen148
\abovetopsep=\dimen149
\cmidrulesep=\dimen150
\cmidrulekern=\dimen151
\defaultaddspace=\dimen152
\@cmidla=\count195
\@cmidlb=\count196
\@aboverulesep=\dimen153
\@belowrulesep=\dimen154
\@thisruleclass=\count197
\@lastruleclass=\count198
\@thisrulewidth=\dimen155
)
(C:\Users\David Munson\AppData\Local\Programs\MiKTeX\tex/latex/float\float.sty
Package: float 2001/11/08 v1.3d Float enhancements (AL)
\c@float@type=\count199
\float@exts=\toks18
\float@box=\box51
\@float@everytoks=\toks19
\@floatcapt=\box52
)
(C:\Users\David Munson\AppData\Local\Programs\MiKTeX\tex/latex/caption\caption.
sty
Package: caption 2023/08/05 v3.6o Customizing captions (AR)

(C:\Users\David Munson\AppData\Local\Programs\MiKTeX\tex/latex/caption\caption3
.sty
Package: caption3 2023/07/31 v2.4d caption3 kernel (AR)
\caption@tempdima=\dimen156
\captionmargin=\dimen157
\caption@leftmargin=\dimen158
\caption@rightmargin=\dimen159
\caption@width=\dimen160
\caption@indent=\dimen161
\caption@parindent=\dimen162
\caption@hangindent=\dimen163
Package caption Info: Standard document class detected.
)
\c@caption@flags=\count266
\c@continuedfloat=\count267
Package caption Info: float package is loaded.
)
(C:\Users\David Munson\AppData\Local\Programs\MiKTeX\tex/latex/geometry\geometr
y.sty
Package: geometry 2020/01/02 v5.9 Page Geometry

(C:\Users\David Munson\AppData\Local\Programs\MiKTeX\tex/generic/iftex\ifvtex.s
ty
Package: ifvtex 2019/10/25 v1.7 ifvtex legacy package. Use iftex instead.

(C:\Users\David Munson\AppData\Local\Programs\MiKTeX\tex/generic/iftex\iftex.st
y
Package: iftex 2022/02/03 v1.0f TeX engine tests
))
\Gm@cnth=\count268
\Gm@cntv=\count269
\c@Gm@tempcnt=\count270
\Gm@bindingoffset=\dimen164
\Gm@wd@mp=\dimen165
\Gm@odd@mp=\dimen166
\Gm@even@mp=\dimen167
\Gm@layoutwidth=\dimen168
\Gm@layoutheight=\dimen169
\Gm@layouthoffset=\dimen170
\Gm@layoutvoffset=\dimen171
\Gm@dimlist=\toks20

(C:\Users\David Munson\AppData\Local\Programs\MiKTeX\tex/latex/geometry\geometr
y.cfg))
(C:\Users\David Munson\AppData\Local\Programs\MiKTeX\tex/latex/setspace\setspac
e.sty
Package: setspace 2022/12/04 v6.7b set line spacing
)
(C:\Users\David Munson\AppData\Local\Programs\MiKTeX\tex/latex/l3backend\l3back
end-pdftex.def
File: l3backend-pdftex.def 2024-01-04 L3 backend support: PDF output (pdfTeX)
\l__color_backend_stack_int=\count271
\l__pdf_internal_box=\box53
) (ProblemSet5_Munson.aux)
\openout1 = `ProblemSet5_Munson.aux'.

LaTeX Font Info:    Checking defaults for OML/cmm/m/it on input line 15.
LaTeX Font Info:    ... okay on input line 15.
LaTeX Font Info:    Checking defaults for OMS/cmsy/m/n on input line 15.
LaTeX Font Info:    ... okay on input line 15.
LaTeX Font Info:    Checking defaults for OT1/cmr/m/n on input line 15.
LaTeX Font Info:    ... okay on input line 15.
LaTeX Font Info:    Checking defaults for T1/cmr/m/n on input line 15.
LaTeX Font Info:    ... okay on input line 15.
LaTeX Font Info:    Checking defaults for TS1/cmr/m/n on input line 15.
LaTeX Font Info:    ... okay on input line 15.
LaTeX Font Info:    Checking defaults for OMX/cmex/m/n on input line 15.
LaTeX Font Info:    ... okay on input line 15.
LaTeX Font Info:    Checking defaults for U/cmr/m/n on input line 15.
LaTeX Font Info:    ... okay on input line 15.

(C:\Users\David Munson\AppData\Local\Programs\MiKTeX\tex/context/base/mkii\supp
-pdf.mkii
[Loading MPS to PDF converter (version 2006.09.02).]
\scratchcounter=\count272
\scratchdimen=\dimen172
\scratchbox=\box54
\nofMPsegments=\count273
\nofMParguments=\count274
\everyMPshowfont=\toks21
\MPscratchCnt=\count275
\MPscratchDim=\dimen173
\MPnumerator=\count276
\makeMPintoPDFobject=\count277
\everyMPtoPDFconversion=\toks22
)
(C:\Users\David Munson\AppData\Local\Programs\MiKTeX\tex/latex/epstopdf-pkg\eps
topdf-base.sty
Package: epstopdf-base 2020-01-24 v2.11 Base part for package epstopdf
Package epstopdf-base Info: Redefining graphics rule for `.eps' on input line 4
85.

(C:\Users\David Munson\AppData\Local\Programs\MiKTeX\tex/latex/00miktex\epstopd
f-sys.cfg
File: epstopdf-sys.cfg 2021/03/18 v2.0 Configuration of epstopdf for MiKTeX
))
Package caption Info: Begin \AtBeginDocument code.
Package caption Info: End \AtBeginDocument code.

*geometry* driver: auto-detecting
*geometry* detected driver: pdftex
*geometry* verbose mode - [ preamble ] result:
* driver: pdftex
* paper: <default>
* layout: <same size as paper>
* layoutoffset:(h,v)=(0.0pt,0.0pt)
* modes: 
* h-part:(L,W,R)=(72.26999pt, 469.75502pt, 72.26999pt)
* v-part:(T,H,B)=(72.26999pt, 650.43001pt, 72.26999pt)
* \paperwidth=614.295pt
* \paperheight=794.96999pt
* \textwidth=469.75502pt
* \textheight=650.43001pt
* \oddsidemargin=0.0pt
* \evensidemargin=0.0pt
* \topmargin=-37.0pt
* \headheight=12.0pt
* \headsep=25.0pt
* \topskip=11.0pt
* \footskip=30.0pt
* \marginparwidth=59.0pt
* \marginparsep=10.0pt
* \columnsep=10.0pt
* \skip\footins=10.0pt plus 4.0pt minus 2.0pt
* \hoffset=0.0pt
* \voffset=0.0pt
* \mag=1000
* \@twocolumnfalse
* \@twosidefalse
* \@mparswitchfalse
* \@reversemarginfalse
* (1in=72.27pt=25.4mm, 1cm=28.453pt)

LaTeX Font Info:    External font `cmex10' loaded for size
(Font)              <12> on input line 16.
LaTeX Font Info:    External font `cmex10' loaded for size
(Font)              <8> on input line 16.
LaTeX Font Info:    External font `cmex10' loaded for size
(Font)              <6> on input line 16.
<images/fig1_timeseries.png, id=1, 722.7pt x 361.35pt>
File: images/fig1_timeseries.png Graphic file (type png)
<use images/fig1_timeseries.png>
Package pdftex.def Info: images/fig1_timeseries.png  used on input line 33.
(pdftex.def)             Requested size: 422.77664pt x 211.38614pt.
[1

{C:/Users/David Munson/AppData/Local/MiKTeX/fonts/map/pdftex/pdftex.map}]
<images/fig2_scatter.png, id=13, 433.62pt x 433.62pt>
File: images/fig2_scatter.png Graphic file (type png)
<use images/fig2_scatter.png>
Package pdftex.def Info: images/fig2_scatter.png  used on input line 39.
(pdftex.def)             Requested size: 328.82707pt x 328.84004pt.
<images/fig3_rollingcorr.png, id=14, 722.7pt x 289.08pt>
File: images/fig3_rollingcorr.png Graphic file (type png)
<use images/fig3_rollingcorr.png>
Package pdftex.def Info: images/fig3_rollingcorr.png  used on input line 45.
(pdftex.def)             Requested size: 422.77664pt x 169.1089pt.

[2 <./images/fig1_timeseries.png> <./images/fig2_scatter.png>]
LaTeX Font Info:    External font `cmex10' loaded for size
(Font)              <10.95> on input line 53.
 [3 <./images/fig3_rollingcorr.png>]
Overfull \hbox (8.28972pt too wide) in paragraph at lines 85--86
\OT1/cmr/m/n/10.95 FUNDS co-ef-fi-cient be-comes smaller (0.0778) and CPI[]YoY 
en-ters pos-i-tively and sig-nif-i-cantly (0.1823).
 []

[4] (ProblemSet5_Munson.aux)
 ***********
LaTeX2e <2023-11-01> patch level 1
L3 programming layer <2024-01-04>
 ***********
 ) 
Here is how much of TeX's memory you used:
 3419 strings out of 474486
 61237 string characters out of 5740415
 1932542 words of memory out of 5000000
 25711 multiletter control sequences out of 15000+600000
 563274 words of font info for 53 fonts, out of 8000000 for 9000
 1141 hyphenation exceptions out of 8191
 57i,9n,65p,509b,297s stack positions out of 10000i,1000n,20000p,200000b,200000s
 <C:\Users\David Munson\AppData\Local\MiKTeX\fonts/pk/ljfour/jknappen/ec/dpi6
00\tcrm1095.pk><C:/Users/David Munson/AppData/Local/Programs/MiKTeX/fonts/type1
/public/amsfonts/cm/cmbx10.pfb><C:/Users/David Munson/AppData/Local/Programs/Mi
KTeX/fonts/type1/public/amsfonts/cm/cmbx12.pfb><C:/Users/David Munson/AppData/L
ocal/Programs/MiKTeX/fonts/type1/public/amsfonts/cm/cmmi10.pfb><C:/Users/David 
Munson/AppData/Local/Programs/MiKTeX/fonts/type1/public/amsfonts/cm/cmmi8.pfb><
C:/Users/David Munson/AppData/Local/Programs/MiKTeX/fonts/type1/public/amsfonts
/cm/cmr10.pfb><C:/Users/David Munson/AppData/Local/Programs/MiKTeX/fonts/type1/
public/amsfonts/cm/cmr12.pfb><C:/Users/David Munson/AppData/Local/Programs/MiKT
eX/fonts/type1/public/amsfonts/cm/cmr17.pfb><C:/Users/David Munson/AppData/Loca
l/Programs/MiKTeX/fonts/type1/public/amsfonts/cm/cmr8.pfb><C:/Users/David Munso
n/AppData/Local/Programs/MiKTeX/fonts/type1/public/amsfonts/cm/cmsy8.pfb>
Output written on ProblemSet5_Munson.pdf (4 pages, 495816 bytes).
PDF statistics:
 72 PDF objects out of 1000 (max. 8388607)
 0 named destinations out of 1000 (max. 500000)
 16 words of extra memory for PDF output out of 10000 (max. 10000000)

